app/build/outputs/logs/manifest-merger-debug-report.txt
-- Merging decision tree log ---
manifest
ADDED from src/main/AndroidManifest.xml:2:1-90:12
	package
		ADDED from src/main/AndroidManifest.xml:3:5-33
		INJECTED from src/main/AndroidManifest.xml
		INJECTED from src/main/AndroidManifest.xml
	android:versionName
		INJECTED from src/main/AndroidManifest.xml
		INJECTED from src/main/AndroidManifest.xml
	xmlns:android
		ADDED from src/main/AndroidManifest.xml:2:11-69
	android:versionCode
		INJECTED from src/main/AndroidManifest.xml
		INJECTED from src/main/AndroidManifest.xml
uses-permission#android.permission.GET_ACCOUNTS
ADDED from src/main/AndroidManifest.xml:5:5-71
	android:name
		ADDED from src/main/AndroidManifest.xml:5:22-68
uses-permission#android.permission.READ_PROFILE
ADDED from src/main/AndroidManifest.xml:6:5-71
	android:name
		ADDED from src/main/AndroidManifest.xml:6:22-68
uses-permission#android.permission.RECEIVE_BOOT_COMPLETED
ADDED from src/main/AndroidManifest.xml:7:5-81
	android:name
		ADDED from src/main/AndroidManifest.xml:7:22-78
uses-permission#android.permission.INTERNET
ADDED from src/main/AndroidManifest.xml:8:5-67
	android:name
		ADDED from src/main/AndroidManifest.xml:8:22-64
uses-permission#android.permission.WRITE_EXTERNAL_STORAGE
ADDED from src/main/AndroidManifest.xml:10:5-11:67
	android:name
		ADDED from src/main/AndroidManifest.xml:11:9-65
application
ADDED from src/main/AndroidManifest.xml:13:5-88:19
MERGED from [com.android.support:design:23.1.1] AndroidManifest.xml:22:5-20
MERGED from [com.android.support:appcompat-v7:23.1.1] AndroidManifest.xml:22:5-20
MERGED from [com.android.support:support-v4:23.1.1] AndroidManifest.xml:22:5-20
	android:label
		ADDED from src/main/AndroidManifest.xml:16:9-41
	android:supportsRtl
		ADDED from src/main/AndroidManifest.xml:17:9-35
	android:allowBackup
		ADDED from src/main/AndroidManifest.xml:14:9-35
	android:icon
		ADDED from src/main/AndroidManifest.xml:15:9-43
	android:theme
		ADDED from src/main/AndroidManifest.xml:18:9-40
activity#com.stevie.clarity.MainActivity
ADDED from src/main/AndroidManifest.xml:19:9-28:20
	android:label
		ADDED from src/main/AndroidManifest.xml:21:13-45
	android:theme
		ADDED from src/main/AndroidManifest.xml:22:13-56
	android:name
		ADDED from src/main/AndroidManifest.xml:20:13-41
intent-filter#android.intent.action.MAIN+android.intent.category.LAUNCHER
ADDED from src/main/AndroidManifest.xml:23:13-27:25
action#android.intent.action.MAIN
ADDED from src/main/AndroidManifest.xml:24:13-65
	android:name
		ADDED from src/main/AndroidManifest.xml:24:21-62
category#android.intent.category.LAUNCHER
ADDED from src/main/AndroidManifest.xml:26:13-73
	android:name
		ADDED from src/main/AndroidManifest.xml:26:23-70
activity#com.stevie.clarity.ContactsActivity
ADDED from src/main/AndroidManifest.xml:29:9-37:20
	android:label
		ADDED from src/main/AndroidManifest.xml:31:13-60
	android:parentActivityName
		ADDED from src/main/AndroidManifest.xml:32:13-55
	android:theme
		ADDED from src/main/AndroidManifest.xml:33:13-56
	android:name
		ADDED from src/main/AndroidManifest.xml:30:13-45
meta-data#android.support.PARENT_ACTIVITY
ADDED from src/main/AndroidManifest.xml:34:13-36:67
	android:value
		ADDED from src/main/AndroidManifest.xml:36:17-64
	android:name
		ADDED from src/main/AndroidManifest.xml:35:17-63
activity#com.stevie.clarity.EmailActivity
ADDED from src/main/AndroidManifest.xml:38:9-46:20
	android:label
		ADDED from src/main/AndroidManifest.xml:40:13-57
	android:parentActivityName
		ADDED from src/main/AndroidManifest.xml:41:13-55
	android:theme
		ADDED from src/main/AndroidManifest.xml:42:13-56
	android:name
		ADDED from src/main/AndroidManifest.xml:39:13-42
activity#com.stevie.clarity.ScreenshotActivity
ADDED from src/main/AndroidManifest.xml:47:9-57:20
	android:label
		ADDED from src/main/AndroidManifest.xml:49:13-62
	android:parentActivityName
		ADDED from src/main/AndroidManifest.xml:50:13-55
	android:theme
		ADDED from src/main/AndroidManifest.xml:51:13-56
	android:name
		ADDED from src/main/AndroidManifest.xml:48:13-47
activity#com.stevie.clarity.LoginActivity
ADDED from src/main/AndroidManifest.xml:58:9-60:60
	android:label
		ADDED from src/main/AndroidManifest.xml:60:13-57
	android:name
		ADDED from src/main/AndroidManifest.xml:59:13-42
activity#com.stevie.clarity.SettingsActivity
ADDED from src/main/AndroidManifest.xml:61:9-68:20
	android:label
		ADDED from src/main/AndroidManifest.xml:63:13-60
	android:parentActivityName
		ADDED from src/main/AndroidManifest.xml:64:13-55
	android:name
		ADDED from src/main/AndroidManifest.xml:62:13-45
provider#com.stevie.clarity.data.AddressBookContentProvider
ADDED from src/main/AndroidManifest.xml:70:9-74:40
	android:authorities
		ADDED from src/main/AndroidManifest.xml:72:13-58
	android:enabled
		ADDED from src/main/AndroidManifest.xml:73:13-35
	android:exported
		ADDED from src/main/AndroidManifest.xml:74:13-37
	android:name
		ADDED from src/main/AndroidManifest.xml:71:13-60
receiver#com.stevie.clarity.BootReceiver
ADDED from src/main/AndroidManifest.xml:76:9-82:20
	android:enabled
		ADDED from src/main/AndroidManifest.xml:78:13-36
	android:name
		ADDED from src/main/AndroidManifest.xml:77:13-41
intent-filter#android.intent.action.BOOT_COMPLETED
ADDED from src/main/AndroidManifest.xml:79:13-81:29
action#android.intent.action.BOOT_COMPLETED
ADDED from src/main/AndroidManifest.xml:80:17-79
	android:name
		ADDED from src/main/AndroidManifest.xml:80:25-76
service#com.stevie.clarity.ScreenshotService
ADDED from src/main/AndroidManifest.xml:84:9-87:47
	android:enabled
		ADDED from src/main/AndroidManifest.xml:86:13-35
	android:exported
		ADDED from src/main/AndroidManifest.xml:87:13-36
	android:name
		ADDED from src/main/AndroidManifest.xml:85:13-46
uses-sdk
INJECTED from src/main/AndroidManifest.xml reason: use-sdk injection requested
MERGED from [com.android.support:design:23.1.1] AndroidManifest.xml:20:5-43
MERGED from [com.android.support:appcompat-v7:23.1.1] AndroidManifest.xml:20:5-43
MERGED from [com.android.support:support-v4:23.1.1] AndroidManifest.xml:20:5-43
MERGED from [com.android.support:recyclerview-v7:23.1.1] AndroidManifest.xml:20:5-43
	android:targetSdkVersion
		INJECTED from src/main/AndroidManifest.xml
		INJECTED from src/main/AndroidManifest.xml
	android:minSdkVersion
		INJECTED from src/main/AndroidManifest.xml
		INJECTED from src/main/AndroidManifest.xml